#
# There is insufficient memory for the Java Runtime Environment to continue.
# Native memory allocation (mmap) failed to map 65536 bytes for Failed to commit metaspace.
# Possible reasons:
#   The system is out of physical RAM or swap space
#   The process is running with CompressedOops enabled, and the Java Heap may be blocking the growth of the native heap
# Possible solutions:
#   Reduce memory load on the system
#   Increase physical memory or swap space
#   Check if swap backing store is full
#   Decrease Java heap size (-Xmx/-Xms)
#   Decrease number of Java threads
#   Decrease Java thread stack sizes (-Xss)
#   Set larger code cache with -XX:ReservedCodeCacheSize=
#   JVM is running with Zero Based Compressed Oops mode in which the Java heap is
#     placed in the first 32GB address space. The Java Heap base address is the
#     maximum limit for the native heap growth. Please use -XX:HeapBaseMinAddress
#     to set the Java Heap base and to place the Java Heap above 32GB virtual address.
# This output file may be truncated or incomplete.
#
#  Out of Memory Error (virtualSpaceNode.cpp:110), pid=14268, tid=15628
#
# JRE version: OpenJDK Runtime Environment Temurin-17.0.3+7 (17.0.3+7) (build 17.0.3+7)
# Java VM: OpenJDK 64-Bit Server VM Temurin-17.0.3+7 (17.0.3+7, mixed mode, sharing, tiered, compressed oops, compressed class ptrs, g1 gc, windows-amd64)
# No core dump will be written. Minidumps are not enabled by default on client versions of Windows
#

---------------  S U M M A R Y ------------

Command Line: -Dorg.gradle.appname=gradlew org.gradle.wrapper.GradleWrapperMain -Dorg.gradle.java.home=D:/Pylo/MCreator 2022.3/jdk --stop

Host: Intel(R) Core(TM) i5-4440 CPU @ 3.10GHz, 4 cores, 15G,  Windows 10 , 64 bit Build 19041 (10.0.19041.1889)
Time: Sun Dec 11 15:11:19 2022  Windows 10 , 64 bit Build 19041 (10.0.19041.1889) elapsed time: 0.594108 seconds (0d 0h 0m 0s)

---------------  T H R E A D  ---------------

Current thread (0x0000029e08b8bef0):  JavaThread "main" [_thread_in_vm, id=15628, stack(0x000000d758300000,0x000000d758400000)]

Stack: [0x000000d758300000,0x000000d758400000]
Native frames: (J=compiled Java code, j=interpreted, Vv=VM code, C=native code)
V  [jvm.dll+0x675efa]
V  [jvm.dll+0x830a24]
V  [jvm.dll+0x8321ce]
V  [jvm.dll+0x832833]
V  [jvm.dll+0x2454b5]
V  [jvm.dll+0x82c9cb]
V  [jvm.dll+0x61ab26]
V  [jvm.dll+0x1c046e]
V  [jvm.dll+0x61d471]
V  [jvm.dll+0x61b4c6]
V  [jvm.dll+0x23aef7]
V  [jvm.dll+0x1e5e03]
V  [jvm.dll+0x1eaba6]
V  [jvm.dll+0x1e05b1]
V  [jvm.dll+0x53bb80]
V  [jvm.dll+0x7aba28]
V  [jvm.dll+0x7abb14]
V  [jvm.dll+0x40c7c5]
V  [jvm.dll+0x4129b8]
C  [java.dll+0x17ec]

Java frames: (J=compiled Java code, j=interpreted, Vv=VM code)
j  java.lang.ClassLoader.defineClass1(Ljava/lang/ClassLoader;Ljava/lang/String;[BIILjava/security/ProtectionDomain;Ljava/lang/String;)Ljava/lang/Class;+0 java.base@17.0.3
j  java.lang.ClassLoader.defineClass(Ljava/lang/String;[BIILjava/security/ProtectionDomain;)Ljava/lang/Class;+27 java.base@17.0.3
j  java.security.SecureClassLoader.defineClass(Ljava/lang/String;[BIILjava/security/CodeSource;)Ljava/lang/Class;+12 java.base@17.0.3
j  java.net.URLClassLoader.defineClass(Ljava/lang/String;Ljdk/internal/loader/Resource;)Ljava/lang/Class;+220 java.base@17.0.3
j  java.net.URLClassLoader$1.run()Ljava/lang/Class;+43 java.base@17.0.3
j  java.net.URLClassLoader$1.run()Ljava/lang/Object;+1 java.base@17.0.3
J 624 c1 java.security.AccessController.doPrivileged(Ljava/security/PrivilegedExceptionAction;Ljava/security/AccessControlContext;)Ljava/lang/Object; java.base@17.0.3 (26 bytes) @ 0x0000029e10d2b87c [0x0000029e10d2b6a0+0x00000000000001dc]
J 747 c1 java.net.URLClassLoader.findClass(Ljava/lang/String;)Ljava/lang/Class; java.base@17.0.3 (47 bytes) @ 0x0000029e10d7aea4 [0x0000029e10d7ad00+0x00000000000001a4]
J 638 c1 java.lang.ClassLoader.loadClass(Ljava/lang/String;Z)Ljava/lang/Class; java.base@17.0.3 (121 bytes) @ 0x0000029e10d33774 [0x0000029e10d331c0+0x00000000000005b4]
J 627 c1 java.lang.ClassLoader.loadClass(Ljava/lang/String;)Ljava/lang/Class; java.base@17.0.3 (7 bytes) @ 0x0000029e10d2c4cc [0x0000029e10d2c3c0+0x000000000000010c]
v  ~StubRoutines::call_stub
j  org.gradle.internal.service.RelevantMethods.buildRelevantMethods(Ljava/lang/Class;)Lorg/gradle/internal/service/RelevantMethods;+0
j  org.gradle.internal.service.RelevantMethods.getMethods(Ljava/lang/Class;)Lorg/gradle/internal/service/RelevantMethods;+18
j  org.gradle.internal.service.DefaultServiceRegistry.findProviderMethods(Ljava/lang/Object;)V+6
j  org.gradle.internal.service.DefaultServiceRegistry.<init>(Ljava/lang/String;[Lorg/gradle/internal/service/ServiceRegistry;)V+149
j  org.gradle.internal.service.DefaultServiceRegistry.<init>()V+5
j  org.gradle.internal.logging.services.LoggingServiceRegistry.<init>()V+1
j  org.gradle.internal.logging.services.LoggingServiceRegistry$CommandLineLogging.<init>()V+1
j  org.gradle.internal.logging.services.LoggingServiceRegistry$CommandLineLogging.<init>(Lorg/gradle/internal/logging/services/LoggingServiceRegistry$1;)V+1
j  org.gradle.internal.logging.services.LoggingServiceRegistry.newCommandLineProcessLogging()Lorg/gradle/internal/logging/services/LoggingServiceRegistry;+5
j  org.gradle.launcher.cli.DefaultCommandLineActionFactory.createLoggingServices()Lorg/gradle/internal/service/ServiceRegistry;+0
j  org.gradle.launcher.cli.DefaultCommandLineActionFactory.convert(Ljava/util/List;)Lorg/gradle/launcher/bootstrap/CommandLineActionFactory$CommandLineExecution;+1
j  org.gradle.launcher.Main.doAction([Ljava/lang/String;Lorg/gradle/launcher/bootstrap/ExecutionListener;)V+8
j  org.gradle.launcher.bootstrap.EntryPoint.run([Ljava/lang/String;)V+12
v  ~StubRoutines::call_stub
j  jdk.internal.reflect.NativeMethodAccessorImpl.invoke0(Ljava/lang/reflect/Method;Ljava/lang/Object;[Ljava/lang/Object;)Ljava/lang/Object;+0 java.base@17.0.3
j  jdk.internal.reflect.NativeMethodAccessorImpl.invoke(Ljava/lang/Object;[Ljava/lang/Object;)Ljava/lang/Object;+133 java.base@17.0.3
j  jdk.internal.reflect.DelegatingMethodAccessorImpl.invoke(Ljava/lang/Object;[Ljava/lang/Object;)Ljava/lang/Object;+6 java.base@17.0.3
j  java.lang.reflect.Method.invoke(Ljava/lang/Object;[Ljava/lang/Object;)Ljava/lang/Object;+59 java.base@17.0.3
j  org.gradle.launcher.bootstrap.ProcessBootstrap.runNoExit(Ljava/lang/String;[Ljava/lang/String;)V+159
j  org.gradle.launcher.bootstrap.ProcessBootstrap.run(Ljava/lang/String;[Ljava/lang/String;)V+2
v  ~StubRoutines::call_stub
j  jdk.internal.reflect.NativeMethodAccessorImpl.invoke0(Ljava/lang/reflect/Method;Ljava/lang/Object;[Ljava/lang/Object;)Ljava/lang/Object;+0 java.base@17.0.3
j  jdk.internal.reflect.NativeMethodAccessorImpl.invoke(Ljava/lang/Object;[Ljava/lang/Object;)Ljava/lang/Object;+133 java.base@17.0.3
j  jdk.internal.reflect.DelegatingMethodAccessorImpl.invoke(Ljava/lang/Object;[Ljava/lang/Object;)Ljava/lang/Object;+6 java.base@17.0.3
j  java.lang.reflect.Method.invoke(Ljava/lang/Object;[Ljava/lang/Object;)Ljava/lang/Object;+59 java.base@17.0.3
j  org.gradle.launcher.GradleMain.main([Ljava/lang/String;)V+100
v  ~StubRoutines::call_stub
j  jdk.internal.reflect.NativeMethodAccessorImpl.invoke0(Ljava/lang/reflect/Method;Ljava/lang/Object;[Ljava/lang/Object;)Ljava/lang/Object;+0 java.base@17.0.3
j  jdk.internal.reflect.NativeMethodAccessorImpl.invoke(Ljava/lang/Object;[Ljava/lang/Object;)Ljava/lang/Object;+133 java.base@17.0.3
j  jdk.internal.reflect.DelegatingMethodAccessorImpl.invoke(Ljava/lang/Object;[Ljava/lang/Object;)Ljava/lang/Object;+6 java.base@17.0.3
j  java.lang.reflect.Method.invoke(Ljava/lang/Object;[Ljava/lang/Object;)Ljava/lang/Object;+59 java.base@17.0.3
j  org.gradle.wrapper.BootstrapMainStarter.start([Ljava/lang/String;Ljava/io/File;)V+105
j  org.gradle.wrapper.WrapperExecutor.execute([Ljava/lang/String;Lorg/gradle/wrapper/Install;Lorg/gradle/wrapper/BootstrapMainStarter;)V+14
j  org.gradle.wrapper.GradleWrapperMain.main([Ljava/lang/String;)V+190
v  ~StubRoutines::call_stub

---------------  P R O C E S S  ---------------

Threads class SMR info:
_java_thread_list=0x0000029e2be05850, length=12, elements={
0x0000029e08b8bef0, 0x0000029e2b318e00, 0x0000029e2b319b80, 0x0000029e2b32ece0,
0x0000029e2b3315b0, 0x0000029e2b332080, 0x0000029e2b333360, 0x0000029e2b33e2a0,
0x0000029e2b34b8f0, 0x0000029e2b350f50, 0x0000029e2be28b10, 0x0000029e2be2deb0
}

Java Threads: ( => current thread )
=>0x0000029e08b8bef0 JavaThread "main" [_thread_in_vm, id=15628, stack(0x000000d758300000,0x000000d758400000)]
  0x0000029e2b318e00 JavaThread "Reference Handler" daemon [_thread_blocked, id=4920, stack(0x000000d758a00000,0x000000d758b00000)]
  0x0000029e2b319b80 JavaThread "Finalizer" daemon [_thread_blocked, id=5680, stack(0x000000d758b00000,0x000000d758c00000)]
  0x0000029e2b32ece0 JavaThread "Signal Dispatcher" daemon [_thread_blocked, id=7572, stack(0x000000d758c00000,0x000000d758d00000)]
  0x0000029e2b3315b0 JavaThread "Attach Listener" daemon [_thread_blocked, id=3464, stack(0x000000d758d00000,0x000000d758e00000)]
  0x0000029e2b332080 JavaThread "Service Thread" daemon [_thread_blocked, id=15700, stack(0x000000d758e00000,0x000000d758f00000)]
  0x0000029e2b333360 JavaThread "Monitor Deflation Thread" daemon [_thread_blocked, id=15692, stack(0x000000d758f00000,0x000000d759000000)]
  0x0000029e2b33e2a0 JavaThread "C2 CompilerThread0" daemon [_thread_blocked, id=15732, stack(0x000000d759000000,0x000000d759100000)]
  0x0000029e2b34b8f0 JavaThread "C1 CompilerThread0" daemon [_thread_blocked, id=15728, stack(0x000000d759100000,0x000000d759200000)]
  0x0000029e2b350f50 JavaThread "Sweeper thread" daemon [_thread_blocked, id=15740, stack(0x000000d759200000,0x000000d759300000)]
  0x0000029e2be28b10 JavaThread "Notification Thread" daemon [_thread_blocked, id=15744, stack(0x000000d759300000,0x000000d759400000)]
  0x0000029e2be2deb0 JavaThread "Common-Cleaner" daemon [_thread_blocked, id=15752, stack(0x000000d759500000,0x000000d759600000)]

Other Threads:
  0x0000029e2b3142f0 VMThread "VM Thread" [stack: 0x000000d758900000,0x000000d758a00000] [id=8968]
  0x0000029e2be2dc20 WatcherThread [stack: 0x000000d759400000,0x000000d759500000] [id=15748]
  0x0000029e08bf6a00 GCTaskThread "GC Thread#0" [stack: 0x000000d758400000,0x000000d758500000] [id=15600]
  0x0000029e2bf8d120 GCTaskThread "GC Thread#1" [stack: 0x000000d759600000,0x000000d759700000] [id=15724]
  0x0000029e2bf8d3d0 GCTaskThread "GC Thread#2" [stack: 0x000000d759700000,0x000000d759800000] [id=15712]
  0x0000029e2bf8d680 GCTaskThread "GC Thread#3" [stack: 0x000000d759800000,0x000000d759900000] [id=15696]
  0x0000029e08c07850 ConcurrentGCThread "G1 Main Marker" [stack: 0x000000d758500000,0x000000d758600000] [id=14004]
  0x0000029e08c08260 ConcurrentGCThread "G1 Conc#0" [stack: 0x000000d758600000,0x000000d758700000] [id=13568]
  0x0000029e08c6d4f0 ConcurrentGCThread "G1 Refine#0" [stack: 0x000000d758700000,0x000000d758800000] [id=6376]
  0x0000029e2b1c64e0 ConcurrentGCThread "G1 Service" [stack: 0x000000d758800000,0x000000d758900000] [id=6320]

Threads with active compile tasks:

VM state: not at safepoint (normal execution)

VM Mutex/Monitor currently owned by a thread:  ([mutex/lock_event])
[0x0000029e08b880e0] Metaspace_lock - owner thread: 0x0000029e08b8bef0

Heap address: 0x0000000700e00000, size: 4082 MB, Compressed Oops mode: Zero based, Oop shift amount: 3

CDS archive(s) mapped at: [0x0000000800000000-0x0000000800bc0000-0x0000000800bc0000), size 12320768, SharedBaseAddress: 0x0000000800000000, ArchiveRelocationMode: 0.
Compressed class space mapped at: 0x0000000800c00000-0x0000000840c00000, reserved size: 1073741824
Narrow klass base: 0x0000000800000000, Narrow klass shift: 0, Narrow klass range: 0x100000000

GC Precious Log:
 CPUs: 4 total, 4 available
 Memory: 16320M
 Large Page Support: Disabled
 NUMA Support: Disabled
 Compressed Oops: Enabled (Zero based)
 Heap Region Size: 2M
 Heap Min Capacity: 8M
 Heap Initial Capacity: 256M
 Heap Max Capacity: 4082M
 Pre-touch: Disabled
 Parallel Workers: 4
 Concurrent Workers: 1
 Concurrent Refinement Workers: 4
 Periodic GC: Disabled

Heap:
 garbage-first heap   total 262144K, used 20252K [0x0000000700e00000, 0x0000000800000000)
  region size 2048K, 7 young (14336K), 1 survivors (2048K)
 Metaspace       used 2520K, committed 2688K, reserved 1056768K
  class space    used 257K, committed 384K, reserved 1048576K

Heap Regions: E=young(eden), S=young(survivor), O=old, HS=humongous(starts), HC=humongous(continues), CS=collection set, F=free, OA=open archive, CA=closed archive, TAMS=top-at-mark-start (previous, next)
|   0|0x0000000700e00000, 0x0000000701000000, 0x0000000701000000|100%|HS|  |TAMS 0x0000000700e00000, 0x0000000700e00000| Complete 
|   1|0x0000000701000000, 0x0000000701200000, 0x0000000701200000|100%|HC|  |TAMS 0x0000000701000000, 0x0000000701000000| Complete 
|   2|0x0000000701200000, 0x0000000701400000, 0x0000000701400000|100%|HS|  |TAMS 0x0000000701200000, 0x0000000701200000| Complete 
|   3|0x0000000701400000, 0x0000000701600000, 0x0000000701600000|100%|HC|  |TAMS 0x0000000701400000, 0x0000000701400000| Complete 
|   4|0x0000000701600000, 0x0000000701600000, 0x0000000701800000|  0%| F|  |TAMS 0x0000000701600000, 0x0000000701600000| Untracked 
|   5|0x0000000701800000, 0x0000000701800000, 0x0000000701a00000|  0%| F|  |TAMS 0x0000000701800000, 0x0000000701800000| Untracked 
|   6|0x0000000701a00000, 0x0000000701a00000, 0x0000000701c00000|  0%| F|  |TAMS 0x0000000701a00000, 0x0000000701a00000| Untracked 
|   7|0x0000000701c00000, 0x0000000701c00000, 0x0000000701e00000|  0%| F|  |TAMS 0x0000000701c00000, 0x0000000701c00000| Untracked 
|   8|0x0000000701e00000, 0x0000000701e00000, 0x0000000702000000|  0%| F|  |TAMS 0x0000000701e00000, 0x0000000701e00000| Untracked 
|   9|0x0000000702000000, 0x0000000702000000, 0x0000000702200000|  0%| F|  |TAMS 0x0000000702000000, 0x0000000702000000| Untracked 
|  10|0x0000000702200000, 0x0000000702200000, 0x0000000702400000|  0%| F|  |TAMS 0x0000000702200000, 0x0000000702200000| Untracked 
|  11|0x0000000702400000, 0x0000000702400000, 0x0000000702600000|  0%| F|  |TAMS 0x0000000702400000, 0x0000000702400000| Untracked 
|  12|0x0000000702600000, 0x0000000702600000, 0x0000000702800000|  0%| F|  |TAMS 0x0000000702600000, 0x0000000702600000| Untracked 
|  13|0x0000000702800000, 0x0000000702800000, 0x0000000702a00000|  0%| F|  |TAMS 0x0000000702800000, 0x0000000702800000| Untracked 
|  14|0x0000000702a00000, 0x0000000702a00000, 0x0000000702c00000|  0%| F|  |TAMS 0x0000000702a00000, 0x0000000702a00000| Untracked 
|  15|0x0000000702c00000, 0x0000000702c00000, 0x0000000702e00000|  0%| F|  |TAMS 0x0000000702c00000, 0x0000000702c00000| Untracked 
|  16|0x0000000702e00000, 0x0000000702e00000, 0x0000000703000000|  0%| F|  |TAMS 0x0000000702e00000, 0x0000000702e00000| Untracked 
|  17|0x0000000703000000, 0x0000000703000000, 0x0000000703200000|  0%| F|  |TAMS 0x0000000703000000, 0x0000000703000000| Untracked 
|  18|0x0000000703200000, 0x0000000703200000, 0x0000000703400000|  0%| F|  |TAMS 0x0000000703200000, 0x0000000703200000| Untracked 
|  19|0x0000000703400000, 0x0000000703400000, 0x0000000703600000|  0%| F|  |TAMS 0x0000000703400000, 0x0000000703400000| Untracked 
|  20|0x0000000703600000, 0x0000000703600000, 0x0000000703800000|  0%| F|  |TAMS 0x0000000703600000, 0x0000000703600000| Untracked 
|  21|0x0000000703800000, 0x0000000703800000, 0x0000000703a00000|  0%| F|  |TAMS 0x0000000703800000, 0x0000000703800000| Untracked 
|  22|0x0000000703a00000, 0x0000000703a00000, 0x0000000703c00000|  0%| F|  |TAMS 0x0000000703a00000, 0x0000000703a00000| Untracked 
|  23|0x0000000703c00000, 0x0000000703c00000, 0x0000000703e00000|  0%| F|  |TAMS 0x0000000703c00000, 0x0000000703c00000| Untracked 
|  24|0x0000000703e00000, 0x0000000703e00000, 0x0000000704000000|  0%| F|  |TAMS 0x0000000703e00000, 0x0000000703e00000| Untracked 
|  25|0x0000000704000000, 0x0000000704000000, 0x0000000704200000|  0%| F|  |TAMS 0x0000000704000000, 0x0000000704000000| Untracked 
|  26|0x0000000704200000, 0x0000000704200000, 0x0000000704400000|  0%| F|  |TAMS 0x0000000704200000, 0x0000000704200000| Untracked 
|  27|0x0000000704400000, 0x0000000704400000, 0x0000000704600000|  0%| F|  |TAMS 0x0000000704400000, 0x0000000704400000| Untracked 
|  28|0x0000000704600000, 0x0000000704600000, 0x0000000704800000|  0%| F|  |TAMS 0x0000000704600000, 0x0000000704600000| Untracked 
|  29|0x0000000704800000, 0x0000000704800000, 0x0000000704a00000|  0%| F|  |TAMS 0x0000000704800000, 0x0000000704800000| Untracked 
|  30|0x0000000704a00000, 0x0000000704a00000, 0x0000000704c00000|  0%| F|  |TAMS 0x0000000704a00000, 0x0000000704a00000| Untracked 
|  31|0x0000000704c00000, 0x0000000704c00000, 0x0000000704e00000|  0%| F|  |TAMS 0x0000000704c00000, 0x0000000704c00000| Untracked 
|  32|0x0000000704e00000, 0x0000000704e00000, 0x0000000705000000|  0%| F|  |TAMS 0x0000000704e00000, 0x0000000704e00000| Untracked 
|  33|0x0000000705000000, 0x0000000705000000, 0x0000000705200000|  0%| F|  |TAMS 0x0000000705000000, 0x0000000705000000| Untracked 
|  34|0x0000000705200000, 0x0000000705200000, 0x0000000705400000|  0%| F|  |TAMS 0x0000000705200000, 0x0000000705200000| Untracked 
|  35|0x0000000705400000, 0x0000000705400000, 0x0000000705600000|  0%| F|  |TAMS 0x0000000705400000, 0x0000000705400000| Untracked 
|  36|0x0000000705600000, 0x0000000705600000, 0x0000000705800000|  0%| F|  |TAMS 0x0000000705600000, 0x0000000705600000| Untracked 
|  37|0x0000000705800000, 0x0000000705800000, 0x0000000705a00000|  0%| F|  |TAMS 0x0000000705800000, 0x0000000705800000| Untracked 
|  38|0x0000000705a00000, 0x0000000705a00000, 0x0000000705c00000|  0%| F|  |TAMS 0x0000000705a00000, 0x0000000705a00000| Untracked 
|  39|0x0000000705c00000, 0x0000000705c00000, 0x0000000705e00000|  0%| F|  |TAMS 0x0000000705c00000, 0x0000000705c00000| Untracked 
|  40|0x0000000705e00000, 0x0000000705e00000, 0x0000000706000000|  0%| F|  |TAMS 0x0000000705e00000, 0x0000000705e00000| Untracked 
|  41|0x0000000706000000, 0x0000000706000000, 0x0000000706200000|  0%| F|  |TAMS 0x0000000706000000, 0x0000000706000000| Untracked 
|  42|0x0000000706200000, 0x0000000706200000, 0x0000000706400000|  0%| F|  |TAMS 0x0000000706200000, 0x0000000706200000| Untracked 
|  43|0x0000000706400000, 0x0000000706400000, 0x0000000706600000|  0%| F|  |TAMS 0x0000000706400000, 0x0000000706400000| Untracked 
|  44|0x0000000706600000, 0x0000000706600000, 0x0000000706800000|  0%| F|  |TAMS 0x0000000706600000, 0x0000000706600000| Untracked 
|  45|0x0000000706800000, 0x0000000706800000, 0x0000000706a00000|  0%| F|  |TAMS 0x0000000706800000, 0x0000000706800000| Untracked 
|  46|0x0000000706a00000, 0x0000000706a00000, 0x0000000706c00000|  0%| F|  |TAMS 0x0000000706a00000, 0x0000000706a00000| Untracked 
|  47|0x0000000706c00000, 0x0000000706c00000, 0x0000000706e00000|  0%| F|  |TAMS 0x0000000706c00000, 0x0000000706c00000| Untracked 
|  48|0x0000000706e00000, 0x0000000706e00000, 0x0000000707000000|  0%| F|  |TAMS 0x0000000706e00000, 0x0000000706e00000| Untracked 
|  49|0x0000000707000000, 0x0000000707000000, 0x0000000707200000|  0%| F|  |TAMS 0x0000000707000000, 0x0000000707000000| Untracked 
|  50|0x0000000707200000, 0x0000000707200000, 0x0000000707400000|  0%| F|  |TAMS 0x0000000707200000, 0x0000000707200000| Untracked 
|  51|0x0000000707400000, 0x0000000707400000, 0x0000000707600000|  0%| F|  |TAMS 0x0000000707400000, 0x0000000707400000| Untracked 
|  52|0x0000000707600000, 0x0000000707600000, 0x0000000707800000|  0%| F|  |TAMS 0x0000000707600000, 0x0000000707600000| Untracked 
|  53|0x0000000707800000, 0x0000000707800000, 0x0000000707a00000|  0%| F|  |TAMS 0x0000000707800000, 0x0000000707800000| Untracked 
|  54|0x0000000707a00000, 0x0000000707a00000, 0x0000000707c00000|  0%| F|  |TAMS 0x0000000707a00000, 0x0000000707a00000| Untracked 
|  55|0x0000000707c00000, 0x0000000707c00000, 0x0000000707e00000|  0%| F|  |TAMS 0x0000000707c00000, 0x0000000707c00000| Untracked 
|  56|0x0000000707e00000, 0x0000000707e00000, 0x0000000708000000|  0%| F|  |TAMS 0x0000000707e00000, 0x0000000707e00000| Untracked 
|  57|0x0000000708000000, 0x0000000708000000, 0x0000000708200000|  0%| F|  |TAMS 0x0000000708000000, 0x0000000708000000| Untracked 
|  58|0x0000000708200000, 0x0000000708200000, 0x0000000708400000|  0%| F|  |TAMS 0x0000000708200000, 0x0000000708200000| Untracked 
|  59|0x0000000708400000, 0x0000000708400000, 0x0000000708600000|  0%| F|  |TAMS 0x0000000708400000, 0x0000000708400000| Untracked 
|  60|0x0000000708600000, 0x0000000708600000, 0x0000000708800000|  0%| F|  |TAMS 0x0000000708600000, 0x0000000708600000| Untracked 
|  61|0x0000000708800000, 0x0000000708800000, 0x0000000708a00000|  0%| F|  |TAMS 0x0000000708800000, 0x0000000708800000| Untracked 
|  62|0x0000000708a00000, 0x0000000708a00000, 0x0000000708c00000|  0%| F|  |TAMS 0x0000000708a00000, 0x0000000708a00000| Untracked 
|  63|0x0000000708c00000, 0x0000000708c00000, 0x0000000708e00000|  0%| F|  |TAMS 0x0000000708c00000, 0x0000000708c00000| Untracked 
|  64|0x0000000708e00000, 0x0000000708e00000, 0x0000000709000000|  0%| F|  |TAMS 0x0000000708e00000, 0x0000000708e00000| Untracked 
|  65|0x0000000709000000, 0x0000000709000000, 0x0000000709200000|  0%| F|  |TAMS 0x0000000709000000, 0x0000000709000000| Untracked 
|  66|0x0000000709200000, 0x0000000709200000, 0x0000000709400000|  0%| F|  |TAMS 0x0000000709200000, 0x0000000709200000| Untracked 
|  67|0x0000000709400000, 0x0000000709400000, 0x0000000709600000|  0%| F|  |TAMS 0x0000000709400000, 0x0000000709400000| Untracked 
|  68|0x0000000709600000, 0x0000000709600000, 0x0000000709800000|  0%| F|  |TAMS 0x0000000709600000, 0x0000000709600000| Untracked 
|  69|0x0000000709800000, 0x0000000709800000, 0x0000000709a00000|  0%| F|  |TAMS 0x0000000709800000, 0x0000000709800000| Untracked 
|  70|0x0000000709a00000, 0x0000000709a00000, 0x0000000709c00000|  0%| F|  |TAMS 0x0000000709a00000, 0x0000000709a00000| Untracked 
|  71|0x0000000709c00000, 0x0000000709c00000, 0x0000000709e00000|  0%| F|  |TAMS 0x0000000709c00000, 0x0000000709c00000| Untracked 
|  72|0x0000000709e00000, 0x0000000709e00000, 0x000000070a000000|  0%| F|  |TAMS 0x0000000709e00000, 0x0000000709e00000| Untracked 
|  73|0x000000070a000000, 0x000000070a000000, 0x000000070a200000|  0%| F|  |TAMS 0x000000070a000000, 0x000000070a000000| Untracked 
|  74|0x000000070a200000, 0x000000070a200000, 0x000000070a400000|  0%| F|  |TAMS 0x000000070a200000, 0x000000070a200000| Untracked 
|  75|0x000000070a400000, 0x000000070a400000, 0x000000070a600000|  0%| F|  |TAMS 0x000000070a400000, 0x000000070a400000| Untracked 
|  76|0x000000070a600000, 0x000000070a600000, 0x000000070a800000|  0%| F|  |TAMS 0x000000070a600000, 0x000000070a600000| Untracked 
|  77|0x000000070a800000, 0x000000070a800000, 0x000000070aa00000|  0%| F|  |TAMS 0x000000070a800000, 0x000000070a800000| Untracked 
|  78|0x000000070aa00000, 0x000000070aa00000, 0x000000070ac00000|  0%| F|  |TAMS 0x000000070aa00000, 0x000000070aa00000| Untracked 
|  79|0x000000070ac00000, 0x000000070ac00000, 0x000000070ae00000|  0%| F|  |TAMS 0x000000070ac00000, 0x000000070ac00000| Untracked 
|  80|0x000000070ae00000, 0x000000070ae00000, 0x000000070b000000|  0%| F|  |TAMS 0x000000070ae00000, 0x000000070ae00000| Untracked 
|  81|0x000000070b000000, 0x000000070b000000, 0x000000070b200000|  0%| F|  |TAMS 0x000000070b000000, 0x000000070b000000| Untracked 
|  82|0x000000070b200000, 0x000000070b200000, 0x000000070b400000|  0%| F|  |TAMS 0x000000070b200000, 0x000000070b200000| Untracked 
|  83|0x000000070b400000, 0x000000070b400000, 0x000000070b600000|  0%| F|  |TAMS 0x000000070b400000, 0x000000070b400000| Untracked 
|  84|0x000000070b600000, 0x000000070b600000, 0x000000070b800000|  0%| F|  |TAMS 0x000000070b600000, 0x000000070b600000| Untracked 
|  85|0x000000070b800000, 0x000000070b800000, 0x000000070ba00000|  0%| F|  |TAMS 0x000000070b800000, 0x000000070b800000| Untracked 
|  86|0x000000070ba00000, 0x000000070ba00000, 0x000000070bc00000|  0%| F|  |TAMS 0x000000070ba00000, 0x000000070ba00000| Untracked 
|  87|0x000000070bc00000, 0x000000070bc00000, 0x000000070be00000|  0%| F|  |TAMS 0x000000070bc00000, 0x000000070bc00000| Untracked 
|  88|0x000000070be00000, 0x000000070be00000, 0x000000070c000000|  0%| F|  |TAMS 0x000000070be00000, 0x000000070be00000| Untracked 
|  89|0x000000070c000000, 0x000000070c000000, 0x000000070c200000|  0%| F|  |TAMS 0x000000070c000000, 0x000000070c000000| Untracked 
|  90|0x000000070c200000, 0x000000070c200000, 0x000000070c400000|  0%| F|  |TAMS 0x000000070c200000, 0x000000070c200000| Untracked 
|  91|0x000000070c400000, 0x000000070c400000, 0x000000070c600000|  0%| F|  |TAMS 0x000000070c400000, 0x000000070c400000| Untracked 
|  92|0x000000070c600000, 0x000000070c600000, 0x000000070c800000|  0%| F|  |TAMS 0x000000070c600000, 0x000000070c600000| Untracked 
|  93|0x000000070c800000, 0x000000070c800000, 0x000000070ca00000|  0%| F|  |TAMS 0x000000070c800000, 0x000000070c800000| Untracked 
|  94|0x000000070ca00000, 0x000000070ca00000, 0x000000070cc00000|  0%| F|  |TAMS 0x000000070ca00000, 0x000000070ca00000| Untracked 
|  95|0x000000070cc00000, 0x000000070cc00000, 0x000000070ce00000|  0%| F|  |TAMS 0x000000070cc00000, 0x000000070cc00000| Untracked 
|  96|0x000000070ce00000, 0x000000070ce00000, 0x000000070d000000|  0%| F|  |TAMS 0x000000070ce00000, 0x000000070ce00000| Untracked 
|  97|0x000000070d000000, 0x000000070d000000, 0x000000070d200000|  0%| F|  |TAMS 0x000000070d000000, 0x000000070d000000| Untracked 
|  98|0x000000070d200000, 0x000000070d200000, 0x000000070d400000|  0%| F|  |TAMS 0x000000070d200000, 0x000000070d200000| Untracked 
|  99|0x000000070d400000, 0x000000070d400000, 0x000000070d600000|  0%| F|  |TAMS 0x000000070d400000, 0x000000070d400000| Untracked 
| 100|0x000000070d600000, 0x000000070d600000, 0x000000070d800000|  0%| F|  |TAMS 0x000000070d600000, 0x000000070d600000| Untracked 
| 101|0x000000070d800000, 0x000000070d800000, 0x000000070da00000|  0%| F|  |TAMS 0x000000070d800000, 0x000000070d800000| Untracked 
| 102|0x000000070da00000, 0x000000070da00000, 0x000000070dc00000|  0%| F|  |TAMS 0x000000070da00000, 0x000000070da00000| Untracked 
| 103|0x000000070dc00000, 0x000000070dc00000, 0x000000070de00000|  0%| F|  |TAMS 0x000000070dc00000, 0x000000070dc00000| Untracked 
| 104|0x000000070de00000, 0x000000070de00000, 0x000000070e000000|  0%| F|  |TAMS 0x000000070de00000, 0x000000070de00000| Untracked 
| 105|0x000000070e000000, 0x000000070e000000, 0x000000070e200000|  0%| F|  |TAMS 0x000000070e000000, 0x000000070e000000| Untracked 
| 106|0x000000070e200000, 0x000000070e200000, 0x000000070e400000|  0%| F|  |TAMS 0x000000070e200000, 0x000000070e200000| Untracked 
| 107|0x000000070e400000, 0x000000070e400000, 0x000000070e600000|  0%| F|  |TAMS 0x000000070e400000, 0x000000070e400000| Untracked 
| 108|0x000000070e600000, 0x000000070e600000, 0x000000070e800000|  0%| F|  |TAMS 0x000000070e600000, 0x000000070e600000| Untracked 
| 109|0x000000070e800000, 0x000000070e800000, 0x000000070ea00000|  0%| F|  |TAMS 0x000000070e800000, 0x000000070e800000| Untracked 
| 110|0x000000070ea00000, 0x000000070ea00000, 0x000000070ec00000|  0%| F|  |TAMS 0x000000070ea00000, 0x000000070ea00000| Untracked 
| 111|0x000000070ec00000, 0x000000070ec00000, 0x000000070ee00000|  0%| F|  |TAMS 0x000000070ec00000, 0x000000070ec00000| Untracked 
| 112|0x000000070ee00000, 0x000000070ee00000, 0x000000070f000000|  0%| F|  |TAMS 0x000000070ee00000, 0x000000070ee00000| Untracked 
| 113|0x000000070f000000, 0x000000070f000000, 0x000000070f200000|  0%| F|  |TAMS 0x000000070f000000, 0x000000070f000000| Untracked 
| 114|0x000000070f200000, 0x000000070f200000, 0x000000070f400000|  0%| F|  |TAMS 0x000000070f200000, 0x000000070f200000| Untracked 
| 115|0x000000070f400000, 0x000000070f400000, 0x000000070f600000|  0%| F|  |TAMS 0x000000070f400000, 0x000000070f400000| Untracked 
| 116|0x000000070f600000, 0x000000070f600000, 0x000000070f800000|  0%| F|  |TAMS 0x000000070f600000, 0x000000070f600000| Untracked 
| 117|0x000000070f800000, 0x000000070f800000, 0x000000070fa00000|  0%| F|  |TAMS 0x000000070f800000, 0x000000070f800000| Untracked 
| 118|0x000000070fa00000, 0x000000070fa00000, 0x000000070fc00000|  0%| F|  |TAMS 0x000000070fa00000, 0x000000070fa00000| Untracked 
| 119|0x000000070fc00000, 0x000000070fc00000, 0x000000070fe00000|  0%| F|  |TAMS 0x000000070fc00000, 0x000000070fc00000| Untracked 
| 120|0x000000070fe00000, 0x000000070fe00000, 0x0000000710000000|  0%| F|  |TAMS 0x000000070fe00000, 0x000000070fe00000| Untracked 
| 121|0x0000000710000000, 0x00000007101c7388, 0x0000000710200000| 88%| S|CS|TAMS 0x0000000710000000, 0x0000000710000000| Complete 
| 122|0x0000000710200000, 0x0000000710248e80, 0x0000000710400000| 14%| E|  |TAMS 0x0000000710200000, 0x0000000710200000| Complete 
| 123|0x0000000710400000, 0x0000000710600000, 0x0000000710600000|100%| E|CS|TAMS 0x0000000710400000, 0x0000000710400000| Complete 
| 124|0x0000000710600000, 0x0000000710800000, 0x0000000710800000|100%| E|CS|TAMS 0x0000000710600000, 0x0000000710600000| Complete 
| 125|0x0000000710800000, 0x0000000710a00000, 0x0000000710a00000|100%| E|CS|TAMS 0x0000000710800000, 0x0000000710800000| Complete 
| 126|0x0000000710a00000, 0x0000000710c00000, 0x0000000710c00000|100%| E|CS|TAMS 0x0000000710a00000, 0x0000000710a00000| Complete 
| 127|0x0000000710c00000, 0x0000000710e00000, 0x0000000710e00000|100%| E|CS|TAMS 0x0000000710c00000, 0x0000000710c00000| Complete 

Card table byte_map: [0x0000029e1fe80000,0x0000029e20680000] _byte_map_base: 0x0000029e1c679000

Marking Bits (Prev, Next): (CMBitMap*) 0x0000029e08bf7010, (CMBitMap*) 0x0000029e08bf7050
 Prev Bits: [0x0000029e20e80000, 0x0000029e24e48000)
 Next Bits: [0x0000029e24e50000, 0x0000029e28e18000)

Polling page: 0x0000029e06b20000

Metaspace:

Usage:
  Non-class:      2.21 MB used.
      Class:    257.08 KB used.
       Both:      2.46 MB used.

Virtual space:
  Non-class space:        8.00 MB reserved,       2.25 MB ( 28%) committed,  1 nodes.
      Class space:        1.00 GB reserved,     384.00 KB ( <1%) committed,  1 nodes.
             Both:        1.01 GB reserved,       2.62 MB ( <1%) committed. 

Chunk freelists:
   Non-Class:  3.36 MB
       Class:  3.61 MB
        Both:  6.97 MB

MaxMetaspaceSize: unlimited
CompressedClassSpaceSize: 1.00 GB
Initial GC threshold: 21.00 MB
Current GC threshold: 21.00 MB
CDS: on
MetaspaceReclaimPolicy: balanced
 - commit_granule_bytes: 65536.
 - commit_granule_words: 8192.
 - virtual_space_node_default_size: 1048576.
 - enlarge_chunks_in_place: 1.
 - new_chunks_are_fully_committed: 0.
 - uncommit_free_chunks: 1.
 - use_allocation_guard: 0.
 - handle_deallocations: 1.


Internal statistics:

num_allocs_failed_limit: 0.
num_arena_births: 14.
num_arena_deaths: 0.
num_vsnodes_births: 2.
num_vsnodes_deaths: 0.
num_space_committed: 42.
num_space_uncommitted: 0.
num_chunks_returned_to_freelist: 0.
num_chunks_taken_from_freelist: 60.
num_chunk_merges: 0.
num_chunk_splits: 38.
num_chunks_enlarged: 34.
num_purges: 0.
num_inconsistent_stats: 0.

CodeHeap 'non-profiled nmethods': size=120000Kb used=256Kb max_used=256Kb free=119743Kb
 bounds [0x0000029e18150000, 0x0000029e183c0000, 0x0000029e1f680000]
CodeHeap 'profiled nmethods': size=120000Kb used=1396Kb max_used=1396Kb free=118603Kb
 bounds [0x0000029e10c20000, 0x0000029e10e90000, 0x0000029e18150000]
CodeHeap 'non-nmethods': size=5760Kb used=1122Kb max_used=1140Kb free=4638Kb
 bounds [0x0000029e10680000, 0x0000029e108f0000, 0x0000029e10c20000]
 total_blobs=1154 nmethods=750 adapters=317
 compilation: enabled
              stopped_count=0, restarted_count=0
 full_count=0

Compilation events (20 events):
Event: 0.584 Thread 0x0000029e2b34b8f0  740       3       java.lang.invoke.MethodType::equals (56 bytes)
Event: 0.585 Thread 0x0000029e2b34b8f0 nmethod 740 0x0000029e10d75290 code [0x0000029e10d754c0, 0x0000029e10d76078]
Event: 0.585 Thread 0x0000029e2b34b8f0  741       1       sun.invoke.util.Wrapper::basicTypeChar (5 bytes)
Event: 0.585 Thread 0x0000029e2b34b8f0 nmethod 741 0x0000029e1818c910 code [0x0000029e1818caa0, 0x0000029e1818cb78]
Event: 0.585 Thread 0x0000029e2b34b8f0  742       3       jdk.internal.org.objectweb.asm.ByteVector::put12 (64 bytes)
Event: 0.585 Thread 0x0000029e2b34b8f0 nmethod 742 0x0000029e10d76210 code [0x0000029e10d763c0, 0x0000029e10d76608]
Event: 0.586 Thread 0x0000029e2b34b8f0  743       3       java.lang.ClassNotFoundException::<init> (7 bytes)
Event: 0.586 Thread 0x0000029e2b34b8f0 nmethod 743 0x0000029e10d76790 code [0x0000029e10d76940, 0x0000029e10d76b48]
Event: 0.587 Thread 0x0000029e2b34b8f0  744   !   3       java.util.concurrent.ConcurrentHashMap::computeIfAbsent (576 bytes)
Event: 0.589 Thread 0x0000029e2b34b8f0 nmethod 744 0x0000029e10d76c90 code [0x0000029e10d770a0, 0x0000029e10d794b8]
Event: 0.589 Thread 0x0000029e2b34b8f0  745  s    3       java.lang.Throwable::fillInStackTrace (29 bytes)
Event: 0.589 Thread 0x0000029e2b34b8f0 nmethod 745 0x0000029e10d7a590 code [0x0000029e10d7a740, 0x0000029e10d7aa48]
Event: 0.589 Thread 0x0000029e2b34b8f0  747   !   3       java.net.URLClassLoader::findClass (47 bytes)
Event: 0.590 Thread 0x0000029e2b34b8f0 nmethod 747 0x0000029e10d7ab10 code [0x0000029e10d7ad00, 0x0000029e10d7b368]
Event: 0.590 Thread 0x0000029e2b34b8f0  748       3       java.net.URLClassLoader$1::<init> (15 bytes)
Event: 0.590 Thread 0x0000029e2b34b8f0 nmethod 748 0x0000029e10d7b590 code [0x0000029e10d7b740, 0x0000029e10d7b978]
Event: 0.590 Thread 0x0000029e2b34b8f0  749  s    3       jdk.internal.loader.Resource::cachedInputStream (20 bytes)
Event: 0.590 Thread 0x0000029e2b34b8f0 nmethod 749 0x0000029e10d7ba10 code [0x0000029e10d7bbc0, 0x0000029e10d7bf08]
Event: 0.590 Thread 0x0000029e2b34b8f0  750       3       java.security.CodeSource::getCertificates (98 bytes)
Event: 0.591 Thread 0x0000029e2b34b8f0 nmethod 750 0x0000029e10d7c090 code [0x0000029e10d7c300, 0x0000029e10d7cf58]

GC Heap History (2 events):
Event: 0.398 GC heap before
{Heap before GC invocations=0 (full 0):
 garbage-first heap   total 262144K, used 12288K [0x0000000700e00000, 0x0000000800000000)
  region size 2048K, 6 young (12288K), 0 survivors (0K)
 Metaspace       used 1674K, committed 1792K, reserved 1056768K
  class space    used 158K, committed 192K, reserved 1048576K
}
Event: 0.400 GC heap after
{Heap after GC invocations=1 (full 0):
 garbage-first heap   total 262144K, used 1820K [0x0000000700e00000, 0x0000000800000000)
  region size 2048K, 1 young (2048K), 1 survivors (2048K)
 Metaspace       used 1674K, committed 1792K, reserved 1056768K
  class space    used 158K, committed 192K, reserved 1048576K
}

Deoptimization events (20 events):
Event: 0.475 Thread 0x0000029e08b8bef0 DEOPT PACKING pc=0x0000029e1817e3b0 sp=0x000000d7583f9730
Event: 0.475 Thread 0x0000029e08b8bef0 DEOPT UNPACKING pc=0x0000029e106d23a3 sp=0x000000d7583f96c0 mode 2
Event: 0.486 Thread 0x0000029e08b8bef0 Uncommon trap: trap_request=0xffffffde fr.pc=0x0000029e1817e3b0 relative=0x0000000000000f30
Event: 0.486 Thread 0x0000029e08b8bef0 Uncommon trap: reason=class_check action=maybe_recompile pc=0x0000029e1817e3b0 method=java.util.HashMap.putVal(ILjava/lang/Object;Ljava/lang/Object;ZZ)Ljava/lang/Object; @ 203 c2
Event: 0.486 Thread 0x0000029e08b8bef0 DEOPT PACKING pc=0x0000029e1817e3b0 sp=0x000000d7583f9780
Event: 0.486 Thread 0x0000029e08b8bef0 DEOPT UNPACKING pc=0x0000029e106d23a3 sp=0x000000d7583f9710 mode 2
Event: 0.486 Thread 0x0000029e08b8bef0 Uncommon trap: trap_request=0xffffffde fr.pc=0x0000029e1817e3b0 relative=0x0000000000000f30
Event: 0.486 Thread 0x0000029e08b8bef0 Uncommon trap: reason=class_check action=maybe_recompile pc=0x0000029e1817e3b0 method=java.util.HashMap.putVal(ILjava/lang/Object;Ljava/lang/Object;ZZ)Ljava/lang/Object; @ 203 c2
Event: 0.486 Thread 0x0000029e08b8bef0 DEOPT PACKING pc=0x0000029e1817e3b0 sp=0x000000d7583f9780
Event: 0.486 Thread 0x0000029e08b8bef0 DEOPT UNPACKING pc=0x0000029e106d23a3 sp=0x000000d7583f9710 mode 2
Event: 0.511 Thread 0x0000029e08b8bef0 Uncommon trap: trap_request=0xffffffde fr.pc=0x0000029e1817e310 relative=0x0000000000000e90
Event: 0.511 Thread 0x0000029e08b8bef0 Uncommon trap: reason=class_check action=maybe_recompile pc=0x0000029e1817e310 method=java.util.HashMap.putVal(ILjava/lang/Object;Ljava/lang/Object;ZZ)Ljava/lang/Object; @ 91 c2
Event: 0.511 Thread 0x0000029e08b8bef0 DEOPT PACKING pc=0x0000029e1817e310 sp=0x000000d7583fbc70
Event: 0.511 Thread 0x0000029e08b8bef0 DEOPT UNPACKING pc=0x0000029e106d23a3 sp=0x000000d7583fbc00 mode 2
Event: 0.524 Thread 0x0000029e08b8bef0 Uncommon trap: trap_request=0xffffffde fr.pc=0x0000029e1817e3b0 relative=0x0000000000000f30
Event: 0.524 Thread 0x0000029e08b8bef0 Uncommon trap: reason=class_check action=maybe_recompile pc=0x0000029e1817e3b0 method=java.util.HashMap.putVal(ILjava/lang/Object;Ljava/lang/Object;ZZ)Ljava/lang/Object; @ 203 c2
Event: 0.524 Thread 0x0000029e08b8bef0 DEOPT PACKING pc=0x0000029e1817e3b0 sp=0x000000d7583fbc70
Event: 0.524 Thread 0x0000029e08b8bef0 DEOPT UNPACKING pc=0x0000029e106d23a3 sp=0x000000d7583fbc00 mode 2
Event: 0.548 Thread 0x0000029e08b8bef0 DEOPT PACKING pc=0x0000029e10cf2ec1 sp=0x000000d7583fb6a0
Event: 0.548 Thread 0x0000029e08b8bef0 DEOPT UNPACKING pc=0x0000029e106d2b43 sp=0x000000d7583fab40 mode 0

Classes unloaded (0 events):
No events

Classes redefined (0 events):
No events

Internal exceptions (1 events):
Event: 0.171 Thread 0x0000029e08b8bef0 Exception <a 'java/lang/NoSuchMethodError'{0x0000000710b70720}: 'int java.lang.invoke.DirectMethodHandle$Holder.invokeStaticInit(java.lang.Object, java.lang.Object)'> (0x0000000710b70720) 
thrown [e:\jenkins\tmp\workspace\build\src\src\hotspot\share\interpreter\linkResolver.cpp, line 766]

VM Operations (4 events):
Event: 0.082 Executing VM operation: HandshakeAllThreads
Event: 0.082 Executing VM operation: HandshakeAllThreads done
Event: 0.398 Executing VM operation: G1CollectForAllocation
Event: 0.401 Executing VM operation: G1CollectForAllocation done

Events (20 events):
Event: 0.581 loading class java/lang/WeakPairMap$WeakRefPeer done
Event: 0.581 loading class java/lang/WeakPairMap$Pair$Weak done
Event: 0.581 loading class java/lang/WeakPairMap$Pair$Weak$1
Event: 0.581 loading class java/lang/WeakPairMap$Pair$Weak$1 done
Event: 0.582 loading class java/lang/reflect/ProxyGenerator
Event: 0.582 loading class java/lang/reflect/ProxyGenerator done
Event: 0.582 loading class java/lang/reflect/ProxyGenerator$ProxyMethod
Event: 0.583 loading class java/lang/reflect/ProxyGenerator$ProxyMethod done
Event: 0.584 loading class java/lang/reflect/ProxyGenerator$PrimitiveTypeInfo
Event: 0.584 loading class java/lang/reflect/ProxyGenerator$PrimitiveTypeInfo done
Event: 0.584 loading class jdk/internal/org/objectweb/asm/Edge
Event: 0.584 loading class jdk/internal/org/objectweb/asm/Edge done
Event: 0.585 loading class java/lang/reflect/UndeclaredThrowableException
Event: 0.585 loading class java/lang/reflect/UndeclaredThrowableException done
Event: 0.585 loading class java/lang/IllegalAccessException
Event: 0.585 loading class java/lang/IllegalAccessException done
Event: 0.585 loading class java/lang/reflect/Proxy$ProxyBuilder$1
Event: 0.585 loading class java/lang/reflect/Proxy$ProxyBuilder$1 done
Event: 0.587 loading class java/lang/reflect/InvocationTargetException
Event: 0.587 loading class java/lang/reflect/InvocationTargetException done


Dynamic libraries:
0x00007ff753270000 - 0x00007ff75327e000 	D:\Pylo\MCreator 2022.3\jdk\bin\java.exe
0x00007fffd8910000 - 0x00007fffd8b08000 	C:\WINDOWS\SYSTEM32\ntdll.dll
0x00007fffd8600000 - 0x00007fffd86bd000 	C:\WINDOWS\System32\KERNEL32.DLL
0x00007fffd6450000 - 0x00007fffd6722000 	C:\WINDOWS\System32\KERNELBASE.dll
0x00007fffd6180000 - 0x00007fffd6280000 	C:\WINDOWS\System32\ucrtbase.dll
0x00007fffc1ff0000 - 0x00007fffc2009000 	D:\Pylo\MCreator 2022.3\jdk\bin\VCRUNTIME140.dll
0x00007fffc1fd0000 - 0x00007fffc1fe8000 	D:\Pylo\MCreator 2022.3\jdk\bin\jli.dll
0x00007fffd7bc0000 - 0x00007fffd7d5d000 	C:\WINDOWS\System32\USER32.dll
0x00007fffc4be0000 - 0x00007fffc4e7a000 	C:\WINDOWS\WinSxS\amd64_microsoft.windows.common-controls_6595b64144ccf1df_6.0.19041.1110_none_60b5254171f9507e\COMCTL32.dll
0x00007fffd6280000 - 0x00007fffd62a2000 	C:\WINDOWS\System32\win32u.dll
0x00007fffd8220000 - 0x00007fffd82be000 	C:\WINDOWS\System32\msvcrt.dll
0x00007fffd7e90000 - 0x00007fffd7ebb000 	C:\WINDOWS\System32\GDI32.dll
0x00007fffd6340000 - 0x00007fffd644f000 	C:\WINDOWS\System32\gdi32full.dll
0x00007fffd6820000 - 0x00007fffd68bd000 	C:\WINDOWS\System32\msvcp_win.dll
0x00007fffd8560000 - 0x00007fffd8590000 	C:\WINDOWS\System32\IMM32.DLL
0x00007fffd15a0000 - 0x00007fffd15ac000 	D:\Pylo\MCreator 2022.3\jdk\bin\vcruntime140_1.dll
0x00007fffaf510000 - 0x00007fffaf5a1000 	D:\Pylo\MCreator 2022.3\jdk\bin\msvcp140.dll
0x00007fff87b00000 - 0x00007fff88748000 	D:\Pylo\MCreator 2022.3\jdk\bin\server\jvm.dll
0x00007fffd6970000 - 0x00007fffd6a1e000 	C:\WINDOWS\System32\ADVAPI32.dll
0x00007fffd7b10000 - 0x00007fffd7bac000 	C:\WINDOWS\System32\sechost.dll
0x00007fffd7d60000 - 0x00007fffd7e85000 	C:\WINDOWS\System32\RPCRT4.dll
0x00007fffd8420000 - 0x00007fffd8428000 	C:\WINDOWS\System32\PSAPI.DLL
0x00007fffc0320000 - 0x00007fffc0329000 	C:\WINDOWS\SYSTEM32\WSOCK32.dll
0x00007fffcc310000 - 0x00007fffcc337000 	C:\WINDOWS\SYSTEM32\WINMM.dll
0x00007fffcfa30000 - 0x00007fffcfa3a000 	C:\WINDOWS\SYSTEM32\VERSION.dll
0x00007fffd8590000 - 0x00007fffd85fb000 	C:\WINDOWS\System32\WS2_32.dll
0x00007fffd4890000 - 0x00007fffd48a2000 	C:\WINDOWS\SYSTEM32\kernel.appcore.dll
0x00007fffcdeb0000 - 0x00007fffcdeba000 	D:\Pylo\MCreator 2022.3\jdk\bin\jimage.dll
0x00007fffce440000 - 0x00007fffce624000 	C:\WINDOWS\SYSTEM32\DBGHELP.DLL
0x00007fffb92a0000 - 0x00007fffb92cc000 	C:\WINDOWS\SYSTEM32\dbgcore.DLL
0x00007fffd62b0000 - 0x00007fffd6332000 	C:\WINDOWS\System32\bcryptPrimitives.dll
0x00007fffb9270000 - 0x00007fffb9295000 	D:\Pylo\MCreator 2022.3\jdk\bin\java.dll
0x00007fffae7d0000 - 0x00007fffae8a6000 	D:\Pylo\MCreator 2022.3\jdk\bin\jsvml.dll
0x00007fffd72e0000 - 0x00007fffd7a23000 	C:\WINDOWS\System32\SHELL32.dll
0x00007fffd40e0000 - 0x00007fffd4871000 	C:\WINDOWS\SYSTEM32\windows.storage.dll
0x00007fffd7ec0000 - 0x00007fffd8214000 	C:\WINDOWS\System32\combase.dll
0x00007fffd59a0000 - 0x00007fffd59d0000 	C:\WINDOWS\SYSTEM32\Wldp.dll
0x00007fffd7a30000 - 0x00007fffd7add000 	C:\WINDOWS\System32\SHCORE.dll
0x00007fffd8870000 - 0x00007fffd88c5000 	C:\WINDOWS\System32\shlwapi.dll
0x00007fffd5f60000 - 0x00007fffd5f7f000 	C:\WINDOWS\SYSTEM32\profapi.dll
0x00007fffc03f0000 - 0x00007fffc0409000 	D:\Pylo\MCreator 2022.3\jdk\bin\net.dll
0x00007fffca230000 - 0x00007fffca33d000 	C:\WINDOWS\SYSTEM32\WINHTTP.dll
0x00007fffd5700000 - 0x00007fffd576a000 	C:\WINDOWS\system32\mswsock.dll
0x00007fffc0390000 - 0x00007fffc03a5000 	D:\Pylo\MCreator 2022.3\jdk\bin\nio.dll
0x00007fffb9500000 - 0x00007fffb9518000 	D:\Pylo\MCreator 2022.3\jdk\bin\zip.dll
0x00007fffc0470000 - 0x00007fffc0480000 	D:\Pylo\MCreator 2022.3\jdk\bin\verify.dll

dbghelp: loaded successfully - version: 4.0.5 - missing functions: none
symbol engine: initialized successfully - sym options: 0x614 - pdb path: .;D:\Pylo\MCreator 2022.3\jdk\bin;C:\WINDOWS\SYSTEM32;C:\WINDOWS\WinSxS\amd64_microsoft.windows.common-controls_6595b64144ccf1df_6.0.19041.1110_none_60b5254171f9507e;D:\Pylo\MCreator 2022.3\jdk\bin\server

VM Arguments:
jvm_args: -Dorg.gradle.appname=gradlew 
java_command: org.gradle.wrapper.GradleWrapperMain -Dorg.gradle.java.home=D:/Pylo/MCreator 2022.3/jdk --stop
java_class_path (initial): D:\Pylo\Workspaces\avaritialite\\gradle\wrapper\gradle-wrapper.jar
Launcher Type: SUN_STANDARD

[Global flags]
     intx CICompilerCount                          = 3                                         {product} {ergonomic}
     uint ConcGCThreads                            = 1                                         {product} {ergonomic}
     uint G1ConcRefinementThreads                  = 4                                         {product} {ergonomic}
   size_t G1HeapRegionSize                         = 2097152                                   {product} {ergonomic}
    uintx GCDrainStackTargetSize                   = 64                                        {product} {ergonomic}
   size_t InitialHeapSize                          = 268435456                                 {product} {ergonomic}
   size_t MarkStackSize                            = 4194304                                   {product} {ergonomic}
   size_t MaxHeapSize                              = 4280287232                                {product} {ergonomic}
   size_t MaxNewSize                               = 2566914048                                {product} {ergonomic}
   size_t MinHeapDeltaBytes                        = 2097152                                   {product} {ergonomic}
   size_t MinHeapSize                              = 8388608                                   {product} {ergonomic}
    uintx NonNMethodCodeHeapSize                   = 5832780                                {pd product} {ergonomic}
    uintx NonProfiledCodeHeapSize                  = 122912730                              {pd product} {ergonomic}
    uintx ProfiledCodeHeapSize                     = 122912730                              {pd product} {ergonomic}
    uintx ReservedCodeCacheSize                    = 251658240                              {pd product} {ergonomic}
     bool SegmentedCodeCache                       = true                                      {product} {ergonomic}
   size_t SoftMaxHeapSize                          = 4280287232                             {manageable} {ergonomic}
     bool UseCompressedClassPointers               = true                           {product lp64_product} {ergonomic}
     bool UseCompressedOops                        = true                           {product lp64_product} {ergonomic}
     bool UseG1GC                                  = true                                      {product} {ergonomic}
     bool UseLargePagesIndividualAllocation        = false                                  {pd product} {ergonomic}

Logging:
Log output configuration:
 #0: stdout all=warning uptime,level,tags
 #1: stderr all=off uptime,level,tags

Environment Variables:
JAVA_HOME=D:\Pylo\MCreator 2022.3\jdk
CLASSPATH=D:\Pylo\Workspaces\avaritialite\\gradle\wrapper\gradle-wrapper.jar
PATH=C:\Program Files\Common Files\Oracle\Java\javapath;C:\Program Files (x86)\Common Files\Oracle\Java\javapath;C:\WINDOWS\system32;C:\WINDOWS;C:\WINDOWS\System32\Wbem;C:\WINDOWS\System32\WindowsPowerShell\v1.0\;C:\WINDOWS\System32\OpenSSH\;D:\Program Files\nodejs\;C:\Users\Админ\AppData\Local\Microsoft\WindowsApps;C:\Users\Админ\AppData\Local\GitHubDesktop\bin;C:\Users\Админ\AppData\Roaming\npm
USERNAME=Админ
OS=Windows_NT
PROCESSOR_IDENTIFIER=Intel64 Family 6 Model 60 Stepping 3, GenuineIntel



---------------  S Y S T E M  ---------------

OS:
 Windows 10 , 64 bit Build 19041 (10.0.19041.1889)
OS uptime: 0 days 2:50 hours

CPU: total 4 (initial active 4) (4 cores per cpu, 1 threads per core) family 6 model 60 stepping 3 microcode 0x27, cx8, cmov, fxsr, mmx, sse, sse2, sse3, ssse3, sse4.1, sse4.2, popcnt, lzcnt, tsc, tscinvbit, avx, avx2, aes, erms, clmul, bmi1, bmi2, fma, vzeroupper, clflush

Memory: 4k page, system-wide physical 16320M (3473M free)
TotalPageFile size 17693M (AvailPageFile size 4M)
current process WorkingSet (physical memory assigned to process): 63M, peak: 63M
current process commit charge ("private bytes"): 346M, peak: 346M

vm_info: OpenJDK 64-Bit Server VM (17.0.3+7) for windows-amd64 JRE (17.0.3+7), built on Apr 19 2022 16:55:35 by "" with MS VC++ 16.7 (VS2019)

END.
